<?xml version="1.0" encoding="utf-8"?><testsuites><testsuite errors="0" failures="0" hostname="DESKTOP-KC8SK3K" name="pytest" skipped="0" tests="3" time="33.301" timestamp="2020-09-19T14:09:59.157689"><testcase classname="test_E2E.TestOne" file="test_E2E.py" line="10" name="test_e2e" time="20.554"></testcase><testcase classname="test_Homepage.TestHomePage" file="test_Homepage.py" line="11" name="test_formSubmission[getData0]" time="11.221"></testcase><testcase classname="test_Homepage.TestHomePage" file="test_Homepage.py" line="11" name="test_formSubmission[getData1]" time="1.268"></testcase></testsuite></testsuites>